<?xml version="1.0" encoding="UTF-8"?>
<testsuite xmlns:xsi="http://www.w3.org/2001/XMLSchema-instance" xsi:noNamespaceSchemaLocation="https://maven.apache.org/surefire/maven-surefire-plugin/xsd/surefire-test-report-3.0.xsd" version="3.0" name="com.example.controller.SimpleAuthControllerTest" time="0.26" tests="1" errors="1" skipped="0" failures="0">
  <properties>
    <property name="java.specification.version" value="21"/>
    <property name="sun.cpu.isalist" value="amd64"/>
    <property name="sun.jnu.encoding" value="Cp1252"/>
    <property name="java.class.path" value="C:\Development\user-management-app\target\test-classes;C:\Development\user-management-app\target\classes;C:\Users\shera\.m2\repository\io\micronaut\micronaut-http-client\4.2.3\micronaut-http-client-4.2.3.jar;C:\Users\shera\.m2\repository\org\slf4j\slf4j-api\2.0.9\slf4j-api-2.0.9.jar;C:\Users\shera\.m2\repository\io\micronaut\micronaut-context\4.2.3\micronaut-context-4.2.3.jar;C:\Users\shera\.m2\repository\io\micronaut\micronaut-http-client-core\4.2.3\micronaut-http-client-core-4.2.3.jar;C:\Users\shera\.m2\repository\io\micronaut\micronaut-json-core\4.2.3\micronaut-json-core-4.2.3.jar;C:\Users\shera\.m2\repository\io\micronaut\micronaut-websocket\4.2.3\micronaut-websocket-4.2.3.jar;C:\Users\shera\.m2\repository\io\micronaut\micronaut-http-netty\4.2.3\micronaut-http-netty-4.2.3.jar;C:\Users\shera\.m2\repository\io\micronaut\micronaut-buffer-netty\4.2.3\micronaut-buffer-netty-4.2.3.jar;C:\Users\shera\.m2\repository\io\netty\netty-codec-http\4.1.104.Final\netty-codec-http-4.1.104.Final.jar;C:\Users\shera\.m2\repository\io\netty\netty-codec-http2\4.1.104.Final\netty-codec-http2-4.1.104.Final.jar;C:\Users\shera\.m2\repository\io\netty\netty-handler\4.1.104.Final\netty-handler-4.1.104.Final.jar;C:\Users\shera\.m2\repository\io\netty\netty-resolver\4.1.104.Final\netty-resolver-4.1.104.Final.jar;C:\Users\shera\.m2\repository\io\netty\netty-transport-native-unix-common\4.1.104.Final\netty-transport-native-unix-common-4.1.104.Final.jar;C:\Users\shera\.m2\repository\io\netty\netty-handler-proxy\4.1.104.Final\netty-handler-proxy-4.1.104.Final.jar;C:\Users\shera\.m2\repository\io\netty\netty-common\4.1.104.Final\netty-common-4.1.104.Final.jar;C:\Users\shera\.m2\repository\io\netty\netty-buffer\4.1.104.Final\netty-buffer-4.1.104.Final.jar;C:\Users\shera\.m2\repository\io\netty\netty-transport\4.1.104.Final\netty-transport-4.1.104.Final.jar;C:\Users\shera\.m2\repository\io\netty\netty-codec\4.1.104.Final\netty-codec-4.1.104.Final.jar;C:\Users\shera\.m2\repository\io\netty\netty-codec-socks\4.1.104.Final\netty-codec-socks-4.1.104.Final.jar;C:\Users\shera\.m2\repository\io\projectreactor\reactor-core\3.5.11\reactor-core-3.5.11.jar;C:\Users\shera\.m2\repository\org\reactivestreams\reactive-streams\1.0.4\reactive-streams-1.0.4.jar;C:\Users\shera\.m2\repository\io\micronaut\micronaut-jackson-databind\4.2.3\micronaut-jackson-databind-4.2.3.jar;C:\Users\shera\.m2\repository\io\micronaut\micronaut-jackson-core\4.2.3\micronaut-jackson-core-4.2.3.jar;C:\Users\shera\.m2\repository\com\fasterxml\jackson\core\jackson-core\2.15.3\jackson-core-2.15.3.jar;C:\Users\shera\.m2\repository\com\fasterxml\jackson\core\jackson-annotations\2.15.3\jackson-annotations-2.15.3.jar;C:\Users\shera\.m2\repository\com\fasterxml\jackson\core\jackson-databind\2.15.3\jackson-databind-2.15.3.jar;C:\Users\shera\.m2\repository\com\fasterxml\jackson\datatype\jackson-datatype-jdk8\2.15.3\jackson-datatype-jdk8-2.15.3.jar;C:\Users\shera\.m2\repository\com\fasterxml\jackson\datatype\jackson-datatype-jsr310\2.15.3\jackson-datatype-jsr310-2.15.3.jar;C:\Users\shera\.m2\repository\io\micronaut\micronaut-runtime\4.2.3\micronaut-runtime-4.2.3.jar;C:\Users\shera\.m2\repository\io\micronaut\micronaut-aop\4.2.3\micronaut-aop-4.2.3.jar;C:\Users\shera\.m2\repository\io\micronaut\micronaut-core\4.2.3\micronaut-core-4.2.3.jar;C:\Users\shera\.m2\repository\io\micronaut\micronaut-discovery-core\4.2.3\micronaut-discovery-core-4.2.3.jar;C:\Users\shera\.m2\repository\io\micronaut\micronaut-context-propagation\4.2.3\micronaut-context-propagation-4.2.3.jar;C:\Users\shera\.m2\repository\io\micronaut\micronaut-core-reactive\4.2.3\micronaut-core-reactive-4.2.3.jar;C:\Users\shera\.m2\repository\io\micronaut\micronaut-http\4.2.3\micronaut-http-4.2.3.jar;C:\Users\shera\.m2\repository\io\micronaut\micronaut-inject\4.2.3\micronaut-inject-4.2.3.jar;C:\Users\shera\.m2\repository\jakarta\inject\jakarta.inject-api\2.0.1\jakarta.inject-api-2.0.1.jar;C:\Users\shera\.m2\repository\io\micronaut\micronaut-retry\4.2.3\micronaut-retry-4.2.3.jar;C:\Users\shera\.m2\repository\io\micronaut\data\micronaut-data-hibernate-jpa\4.5.0\micronaut-data-hibernate-jpa-4.5.0.jar;C:\Users\shera\.m2\repository\io\micronaut\data\micronaut-data-runtime\4.5.0\micronaut-data-runtime-4.5.0.jar;C:\Users\shera\.m2\repository\io\micronaut\data\micronaut-data-tx\4.5.0\micronaut-data-tx-4.5.0.jar;C:\Users\shera\.m2\repository\io\micronaut\data\micronaut-data-connection\4.5.0\micronaut-data-connection-4.5.0.jar;C:\Users\shera\.m2\repository\io\micronaut\data\micronaut-data-model\4.5.0\micronaut-data-model-4.5.0.jar;C:\Users\shera\.m2\repository\io\micronaut\data\micronaut-data-tx-hibernate\4.5.0\micronaut-data-tx-hibernate-4.5.0.jar;C:\Users\shera\.m2\repository\io\micronaut\data\micronaut-data-tx-jdbc\4.5.0\micronaut-data-tx-jdbc-4.5.0.jar;C:\Users\shera\.m2\repository\io\micronaut\data\micronaut-data-connection-jdbc\4.5.0\micronaut-data-connection-jdbc-4.5.0.jar;C:\Users\shera\.m2\repository\io\micronaut\data\micronaut-data-connection-hibernate\4.5.0\micronaut-data-connection-hibernate-4.5.0.jar;C:\Users\shera\.m2\repository\io\micronaut\data\micronaut-data-jpa\4.5.0\micronaut-data-jpa-4.5.0.jar;C:\Users\shera\.m2\repository\org\hibernate\orm\hibernate-core\6.2.13.Final\hibernate-core-6.2.13.Final.jar;C:\Users\shera\.m2\repository\jakarta\transaction\jakarta.transaction-api\2.0.1\jakarta.transaction-api-2.0.1.jar;C:\Users\shera\.m2\repository\org\jboss\logging\jboss-logging\3.5.0.Final\jboss-logging-3.5.0.Final.jar;C:\Users\shera\.m2\repository\org\hibernate\common\hibernate-commons-annotations\6.0.6.Final\hibernate-commons-annotations-6.0.6.Final.jar;C:\Users\shera\.m2\repository\io\smallrye\jandex\3.0.5\jandex-3.0.5.jar;C:\Users\shera\.m2\repository\com\fasterxml\classmate\1.5.1\classmate-1.5.1.jar;C:\Users\shera\.m2\repository\jakarta\xml\bind\jakarta.xml.bind-api\4.0.0\jakarta.xml.bind-api-4.0.0.jar;C:\Users\shera\.m2\repository\jakarta\activation\jakarta.activation-api\2.1.0\jakarta.activation-api-2.1.0.jar;C:\Users\shera\.m2\repository\org\glassfish\jaxb\jaxb-runtime\4.0.2\jaxb-runtime-4.0.2.jar;C:\Users\shera\.m2\repository\org\glassfish\jaxb\jaxb-core\4.0.2\jaxb-core-4.0.2.jar;C:\Users\shera\.m2\repository\org\eclipse\angus\angus-activation\2.0.0\angus-activation-2.0.0.jar;C:\Users\shera\.m2\repository\org\glassfish\jaxb\txw2\4.0.2\txw2-4.0.2.jar;C:\Users\shera\.m2\repository\com\sun\istack\istack-commons-runtime\4.1.1\istack-commons-runtime-4.1.1.jar;C:\Users\shera\.m2\repository\org\antlr\antlr4-runtime\4.10.1\antlr4-runtime-4.10.1.jar;C:\Users\shera\.m2\repository\io\micronaut\sql\micronaut-hibernate-jpa\5.2.0\micronaut-hibernate-jpa-5.2.0.jar;C:\Users\shera\.m2\repository\io\micronaut\sql\micronaut-jdbc-hikari\5.2.0\micronaut-jdbc-hikari-5.2.0.jar;C:\Users\shera\.m2\repository\io\micronaut\sql\micronaut-jdbc\5.2.0\micronaut-jdbc-5.2.0.jar;C:\Users\shera\.m2\repository\com\zaxxer\HikariCP\5.1.0\HikariCP-5.1.0.jar;C:\Users\shera\.m2\repository\com\h2database\h2\2.2.224\h2-2.2.224.jar;C:\Users\shera\.m2\repository\com\mysql\mysql-connector-j\8.0.33\mysql-connector-j-8.0.33.jar;C:\Users\shera\.m2\repository\com\google\protobuf\protobuf-java\3.25.1\protobuf-java-3.25.1.jar;C:\Users\shera\.m2\repository\io\micronaut\security\micronaut-security-jwt\4.5.0\micronaut-security-jwt-4.5.0.jar;C:\Users\shera\.m2\repository\io\micronaut\security\micronaut-security\4.5.0\micronaut-security-4.5.0.jar;C:\Users\shera\.m2\repository\io\micronaut\serde\micronaut-serde-api\2.4.0\micronaut-serde-api-2.4.0.jar;C:\Users\shera\.m2\repository\io\micronaut\security\micronaut-security-annotations\4.5.0\micronaut-security-annotations-4.5.0.jar;C:\Users\shera\.m2\repository\com\nimbusds\nimbus-jose-jwt\9.37.3\nimbus-jose-jwt-9.37.3.jar;C:\Users\shera\.m2\repository\com\github\stephenc\jcip\jcip-annotations\1.0-1\jcip-annotations-1.0-1.jar;C:\Users\shera\.m2\repository\io\micronaut\reactor\micronaut-reactor\3.1.0\micronaut-reactor-3.1.0.jar;C:\Users\shera\.m2\repository\io\micronaut\validation\micronaut-validation\4.2.0\micronaut-validation-4.2.0.jar;C:\Users\shera\.m2\repository\jakarta\validation\jakarta.validation-api\3.0.2\jakarta.validation-api-3.0.2.jar;C:\Users\shera\.m2\repository\jakarta\annotation\jakarta.annotation-api\2.1.1\jakarta.annotation-api-2.1.1.jar;C:\Users\shera\.m2\repository\jakarta\persistence\jakarta.persistence-api\3.1.0\jakarta.persistence-api-3.1.0.jar;C:\Users\shera\.m2\repository\org\mindrot\jbcrypt\0.4\jbcrypt-0.4.jar;C:\Users\shera\.m2\repository\io\micronaut\test\micronaut-test-junit5\4.1.1\micronaut-test-junit5-4.1.1.jar;C:\Users\shera\.m2\repository\io\micronaut\test\micronaut-test-core\4.1.1\micronaut-test-core-4.1.1.jar;C:\Users\shera\.m2\repository\org\junit\jupiter\junit-jupiter-api\5.10.1\junit-jupiter-api-5.10.1.jar;C:\Users\shera\.m2\repository\org\opentest4j\opentest4j\1.3.0\opentest4j-1.3.0.jar;C:\Users\shera\.m2\repository\org\junit\platform\junit-platform-commons\1.10.1\junit-platform-commons-1.10.1.jar;C:\Users\shera\.m2\repository\org\apiguardian\apiguardian-api\1.1.2\apiguardian-api-1.1.2.jar;C:\Users\shera\.m2\repository\org\junit\jupiter\junit-jupiter-engine\5.10.1\junit-jupiter-engine-5.10.1.jar;C:\Users\shera\.m2\repository\org\junit\platform\junit-platform-engine\1.10.1\junit-platform-engine-1.10.1.jar;C:\Users\shera\.m2\repository\org\mockito\mockito-core\5.6.0\mockito-core-5.6.0.jar;C:\Users\shera\.m2\repository\net\bytebuddy\byte-buddy\1.14.8\byte-buddy-1.14.8.jar;C:\Users\shera\.m2\repository\net\bytebuddy\byte-buddy-agent\1.14.8\byte-buddy-agent-1.14.8.jar;C:\Users\shera\.m2\repository\org\objenesis\objenesis\3.3\objenesis-3.3.jar;C:\Users\shera\.m2\repository\org\mockito\mockito-junit-jupiter\5.6.0\mockito-junit-jupiter-5.6.0.jar;"/>
    <property name="java.vm.vendor" value="Oracle Corporation"/>
    <property name="sun.arch.data.model" value="64"/>
    <property name="user.variant" value=""/>
    <property name="java.vendor.url" value="https://java.oracle.com/"/>
    <property name="user.timezone" value="Europe/London"/>
    <property name="os.name" value="Windows 11"/>
    <property name="java.vm.specification.version" value="21"/>
    <property name="user.country" value="GB"/>
    <property name="sun.java.launcher" value="SUN_STANDARD"/>
    <property name="sun.boot.library.path" value="C:\Program Files\Java\jdk-21\bin"/>
    <property name="sun.java.command" value="C:\Users\shera\AppData\Local\Temp\surefire6124093877536420011\surefirebooter-20250917222155001_3.jar C:\Users\shera\AppData\Local\Temp\surefire6124093877536420011 2025-09-17T22-21-54_831-jvmRun1 surefire-20250917222155001_1tmp surefire_0-20250917222155001_2tmp"/>
    <property name="jdk.debug" value="release"/>
    <property name="surefire.test.class.path" value="C:\Development\user-management-app\target\test-classes;C:\Development\user-management-app\target\classes;C:\Users\shera\.m2\repository\io\micronaut\micronaut-http-client\4.2.3\micronaut-http-client-4.2.3.jar;C:\Users\shera\.m2\repository\org\slf4j\slf4j-api\2.0.9\slf4j-api-2.0.9.jar;C:\Users\shera\.m2\repository\io\micronaut\micronaut-context\4.2.3\micronaut-context-4.2.3.jar;C:\Users\shera\.m2\repository\io\micronaut\micronaut-http-client-core\4.2.3\micronaut-http-client-core-4.2.3.jar;C:\Users\shera\.m2\repository\io\micronaut\micronaut-json-core\4.2.3\micronaut-json-core-4.2.3.jar;C:\Users\shera\.m2\repository\io\micronaut\micronaut-websocket\4.2.3\micronaut-websocket-4.2.3.jar;C:\Users\shera\.m2\repository\io\micronaut\micronaut-http-netty\4.2.3\micronaut-http-netty-4.2.3.jar;C:\Users\shera\.m2\repository\io\micronaut\micronaut-buffer-netty\4.2.3\micronaut-buffer-netty-4.2.3.jar;C:\Users\shera\.m2\repository\io\netty\netty-codec-http\4.1.104.Final\netty-codec-http-4.1.104.Final.jar;C:\Users\shera\.m2\repository\io\netty\netty-codec-http2\4.1.104.Final\netty-codec-http2-4.1.104.Final.jar;C:\Users\shera\.m2\repository\io\netty\netty-handler\4.1.104.Final\netty-handler-4.1.104.Final.jar;C:\Users\shera\.m2\repository\io\netty\netty-resolver\4.1.104.Final\netty-resolver-4.1.104.Final.jar;C:\Users\shera\.m2\repository\io\netty\netty-transport-native-unix-common\4.1.104.Final\netty-transport-native-unix-common-4.1.104.Final.jar;C:\Users\shera\.m2\repository\io\netty\netty-handler-proxy\4.1.104.Final\netty-handler-proxy-4.1.104.Final.jar;C:\Users\shera\.m2\repository\io\netty\netty-common\4.1.104.Final\netty-common-4.1.104.Final.jar;C:\Users\shera\.m2\repository\io\netty\netty-buffer\4.1.104.Final\netty-buffer-4.1.104.Final.jar;C:\Users\shera\.m2\repository\io\netty\netty-transport\4.1.104.Final\netty-transport-4.1.104.Final.jar;C:\Users\shera\.m2\repository\io\netty\netty-codec\4.1.104.Final\netty-codec-4.1.104.Final.jar;C:\Users\shera\.m2\repository\io\netty\netty-codec-socks\4.1.104.Final\netty-codec-socks-4.1.104.Final.jar;C:\Users\shera\.m2\repository\io\projectreactor\reactor-core\3.5.11\reactor-core-3.5.11.jar;C:\Users\shera\.m2\repository\org\reactivestreams\reactive-streams\1.0.4\reactive-streams-1.0.4.jar;C:\Users\shera\.m2\repository\io\micronaut\micronaut-jackson-databind\4.2.3\micronaut-jackson-databind-4.2.3.jar;C:\Users\shera\.m2\repository\io\micronaut\micronaut-jackson-core\4.2.3\micronaut-jackson-core-4.2.3.jar;C:\Users\shera\.m2\repository\com\fasterxml\jackson\core\jackson-core\2.15.3\jackson-core-2.15.3.jar;C:\Users\shera\.m2\repository\com\fasterxml\jackson\core\jackson-annotations\2.15.3\jackson-annotations-2.15.3.jar;C:\Users\shera\.m2\repository\com\fasterxml\jackson\core\jackson-databind\2.15.3\jackson-databind-2.15.3.jar;C:\Users\shera\.m2\repository\com\fasterxml\jackson\datatype\jackson-datatype-jdk8\2.15.3\jackson-datatype-jdk8-2.15.3.jar;C:\Users\shera\.m2\repository\com\fasterxml\jackson\datatype\jackson-datatype-jsr310\2.15.3\jackson-datatype-jsr310-2.15.3.jar;C:\Users\shera\.m2\repository\io\micronaut\micronaut-runtime\4.2.3\micronaut-runtime-4.2.3.jar;C:\Users\shera\.m2\repository\io\micronaut\micronaut-aop\4.2.3\micronaut-aop-4.2.3.jar;C:\Users\shera\.m2\repository\io\micronaut\micronaut-core\4.2.3\micronaut-core-4.2.3.jar;C:\Users\shera\.m2\repository\io\micronaut\micronaut-discovery-core\4.2.3\micronaut-discovery-core-4.2.3.jar;C:\Users\shera\.m2\repository\io\micronaut\micronaut-context-propagation\4.2.3\micronaut-context-propagation-4.2.3.jar;C:\Users\shera\.m2\repository\io\micronaut\micronaut-core-reactive\4.2.3\micronaut-core-reactive-4.2.3.jar;C:\Users\shera\.m2\repository\io\micronaut\micronaut-http\4.2.3\micronaut-http-4.2.3.jar;C:\Users\shera\.m2\repository\io\micronaut\micronaut-inject\4.2.3\micronaut-inject-4.2.3.jar;C:\Users\shera\.m2\repository\jakarta\inject\jakarta.inject-api\2.0.1\jakarta.inject-api-2.0.1.jar;C:\Users\shera\.m2\repository\io\micronaut\micronaut-retry\4.2.3\micronaut-retry-4.2.3.jar;C:\Users\shera\.m2\repository\io\micronaut\data\micronaut-data-hibernate-jpa\4.5.0\micronaut-data-hibernate-jpa-4.5.0.jar;C:\Users\shera\.m2\repository\io\micronaut\data\micronaut-data-runtime\4.5.0\micronaut-data-runtime-4.5.0.jar;C:\Users\shera\.m2\repository\io\micronaut\data\micronaut-data-tx\4.5.0\micronaut-data-tx-4.5.0.jar;C:\Users\shera\.m2\repository\io\micronaut\data\micronaut-data-connection\4.5.0\micronaut-data-connection-4.5.0.jar;C:\Users\shera\.m2\repository\io\micronaut\data\micronaut-data-model\4.5.0\micronaut-data-model-4.5.0.jar;C:\Users\shera\.m2\repository\io\micronaut\data\micronaut-data-tx-hibernate\4.5.0\micronaut-data-tx-hibernate-4.5.0.jar;C:\Users\shera\.m2\repository\io\micronaut\data\micronaut-data-tx-jdbc\4.5.0\micronaut-data-tx-jdbc-4.5.0.jar;C:\Users\shera\.m2\repository\io\micronaut\data\micronaut-data-connection-jdbc\4.5.0\micronaut-data-connection-jdbc-4.5.0.jar;C:\Users\shera\.m2\repository\io\micronaut\data\micronaut-data-connection-hibernate\4.5.0\micronaut-data-connection-hibernate-4.5.0.jar;C:\Users\shera\.m2\repository\io\micronaut\data\micronaut-data-jpa\4.5.0\micronaut-data-jpa-4.5.0.jar;C:\Users\shera\.m2\repository\org\hibernate\orm\hibernate-core\6.2.13.Final\hibernate-core-6.2.13.Final.jar;C:\Users\shera\.m2\repository\jakarta\transaction\jakarta.transaction-api\2.0.1\jakarta.transaction-api-2.0.1.jar;C:\Users\shera\.m2\repository\org\jboss\logging\jboss-logging\3.5.0.Final\jboss-logging-3.5.0.Final.jar;C:\Users\shera\.m2\repository\org\hibernate\common\hibernate-commons-annotations\6.0.6.Final\hibernate-commons-annotations-6.0.6.Final.jar;C:\Users\shera\.m2\repository\io\smallrye\jandex\3.0.5\jandex-3.0.5.jar;C:\Users\shera\.m2\repository\com\fasterxml\classmate\1.5.1\classmate-1.5.1.jar;C:\Users\shera\.m2\repository\jakarta\xml\bind\jakarta.xml.bind-api\4.0.0\jakarta.xml.bind-api-4.0.0.jar;C:\Users\shera\.m2\repository\jakarta\activation\jakarta.activation-api\2.1.0\jakarta.activation-api-2.1.0.jar;C:\Users\shera\.m2\repository\org\glassfish\jaxb\jaxb-runtime\4.0.2\jaxb-runtime-4.0.2.jar;C:\Users\shera\.m2\repository\org\glassfish\jaxb\jaxb-core\4.0.2\jaxb-core-4.0.2.jar;C:\Users\shera\.m2\repository\org\eclipse\angus\angus-activation\2.0.0\angus-activation-2.0.0.jar;C:\Users\shera\.m2\repository\org\glassfish\jaxb\txw2\4.0.2\txw2-4.0.2.jar;C:\Users\shera\.m2\repository\com\sun\istack\istack-commons-runtime\4.1.1\istack-commons-runtime-4.1.1.jar;C:\Users\shera\.m2\repository\org\antlr\antlr4-runtime\4.10.1\antlr4-runtime-4.10.1.jar;C:\Users\shera\.m2\repository\io\micronaut\sql\micronaut-hibernate-jpa\5.2.0\micronaut-hibernate-jpa-5.2.0.jar;C:\Users\shera\.m2\repository\io\micronaut\sql\micronaut-jdbc-hikari\5.2.0\micronaut-jdbc-hikari-5.2.0.jar;C:\Users\shera\.m2\repository\io\micronaut\sql\micronaut-jdbc\5.2.0\micronaut-jdbc-5.2.0.jar;C:\Users\shera\.m2\repository\com\zaxxer\HikariCP\5.1.0\HikariCP-5.1.0.jar;C:\Users\shera\.m2\repository\com\h2database\h2\2.2.224\h2-2.2.224.jar;C:\Users\shera\.m2\repository\com\mysql\mysql-connector-j\8.0.33\mysql-connector-j-8.0.33.jar;C:\Users\shera\.m2\repository\com\google\protobuf\protobuf-java\3.25.1\protobuf-java-3.25.1.jar;C:\Users\shera\.m2\repository\io\micronaut\security\micronaut-security-jwt\4.5.0\micronaut-security-jwt-4.5.0.jar;C:\Users\shera\.m2\repository\io\micronaut\security\micronaut-security\4.5.0\micronaut-security-4.5.0.jar;C:\Users\shera\.m2\repository\io\micronaut\serde\micronaut-serde-api\2.4.0\micronaut-serde-api-2.4.0.jar;C:\Users\shera\.m2\repository\io\micronaut\security\micronaut-security-annotations\4.5.0\micronaut-security-annotations-4.5.0.jar;C:\Users\shera\.m2\repository\com\nimbusds\nimbus-jose-jwt\9.37.3\nimbus-jose-jwt-9.37.3.jar;C:\Users\shera\.m2\repository\com\github\stephenc\jcip\jcip-annotations\1.0-1\jcip-annotations-1.0-1.jar;C:\Users\shera\.m2\repository\io\micronaut\reactor\micronaut-reactor\3.1.0\micronaut-reactor-3.1.0.jar;C:\Users\shera\.m2\repository\io\micronaut\validation\micronaut-validation\4.2.0\micronaut-validation-4.2.0.jar;C:\Users\shera\.m2\repository\jakarta\validation\jakarta.validation-api\3.0.2\jakarta.validation-api-3.0.2.jar;C:\Users\shera\.m2\repository\jakarta\annotation\jakarta.annotation-api\2.1.1\jakarta.annotation-api-2.1.1.jar;C:\Users\shera\.m2\repository\jakarta\persistence\jakarta.persistence-api\3.1.0\jakarta.persistence-api-3.1.0.jar;C:\Users\shera\.m2\repository\org\mindrot\jbcrypt\0.4\jbcrypt-0.4.jar;C:\Users\shera\.m2\repository\io\micronaut\test\micronaut-test-junit5\4.1.1\micronaut-test-junit5-4.1.1.jar;C:\Users\shera\.m2\repository\io\micronaut\test\micronaut-test-core\4.1.1\micronaut-test-core-4.1.1.jar;C:\Users\shera\.m2\repository\org\junit\jupiter\junit-jupiter-api\5.10.1\junit-jupiter-api-5.10.1.jar;C:\Users\shera\.m2\repository\org\opentest4j\opentest4j\1.3.0\opentest4j-1.3.0.jar;C:\Users\shera\.m2\repository\org\junit\platform\junit-platform-commons\1.10.1\junit-platform-commons-1.10.1.jar;C:\Users\shera\.m2\repository\org\apiguardian\apiguardian-api\1.1.2\apiguardian-api-1.1.2.jar;C:\Users\shera\.m2\repository\org\junit\jupiter\junit-jupiter-engine\5.10.1\junit-jupiter-engine-5.10.1.jar;C:\Users\shera\.m2\repository\org\junit\platform\junit-platform-engine\1.10.1\junit-platform-engine-1.10.1.jar;C:\Users\shera\.m2\repository\org\mockito\mockito-core\5.6.0\mockito-core-5.6.0.jar;C:\Users\shera\.m2\repository\net\bytebuddy\byte-buddy\1.14.8\byte-buddy-1.14.8.jar;C:\Users\shera\.m2\repository\net\bytebuddy\byte-buddy-agent\1.14.8\byte-buddy-agent-1.14.8.jar;C:\Users\shera\.m2\repository\org\objenesis\objenesis\3.3\objenesis-3.3.jar;C:\Users\shera\.m2\repository\org\mockito\mockito-junit-jupiter\5.6.0\mockito-junit-jupiter-5.6.0.jar;"/>
    <property name="sun.cpu.endian" value="little"/>
    <property name="user.home" value="C:\Users\shera"/>
    <property name="user.language" value="en"/>
    <property name="java.specification.vendor" value="Oracle Corporation"/>
    <property name="java.version.date" value="2025-07-15"/>
    <property name="java.home" value="C:\Program Files\Java\jdk-21"/>
    <property name="file.separator" value="\"/>
    <property name="basedir" value="C:\Development\user-management-app"/>
    <property name="style.color" value="always"/>
    <property name="java.vm.compressedOopsMode" value="32-bit"/>
    <property name="line.separator" value="&#10;"/>
    <property name="java.vm.specification.vendor" value="Oracle Corporation"/>
    <property name="java.specification.name" value="Java Platform API Specification"/>
    <property name="surefire.real.class.path" value="C:\Users\shera\AppData\Local\Temp\surefire6124093877536420011\surefirebooter-20250917222155001_3.jar"/>
    <property name="user.script" value=""/>
    <property name="sun.management.compiler" value="HotSpot 64-Bit Tiered Compilers"/>
    <property name="java.runtime.version" value="21.0.8+12-LTS-250"/>
    <property name="user.name" value="shera"/>
    <property name="stdout.encoding" value="Cp1252"/>
    <property name="path.separator" value=";"/>
    <property name="os.version" value="10.0"/>
    <property name="java.runtime.name" value="Java(TM) SE Runtime Environment"/>
    <property name="file.encoding" value="UTF-8"/>
    <property name="java.vm.name" value="Java HotSpot(TM) 64-Bit Server VM"/>
    <property name="maven.ext.class.path" value="C:\Program Files\JetBrains\IntelliJ IDEA Community Edition 2025.2.1\plugins\maven\lib\maven-event-listener.jar"/>
    <property name="localRepository" value="C:\Users\shera\.m2\repository"/>
    <property name="micronaut.classloader.logging" value="true"/>
    <property name="java.vendor.url.bug" value="https://bugreport.java.com/bugreport/"/>
    <property name="java.io.tmpdir" value="C:\Users\shera\AppData\Local\Temp\"/>
    <property name="idea.version" value="2025.2.1"/>
    <property name="java.version" value="21.0.8"/>
    <property name="user.dir" value="C:\Development\user-management-app"/>
    <property name="os.arch" value="amd64"/>
    <property name="jansi.passthrough" value="true"/>
    <property name="java.vm.specification.name" value="Java Virtual Machine Specification"/>
    <property name="sun.os.patch.level" value=""/>
    <property name="native.encoding" value="Cp1252"/>
    <property name="java.library.path" value="C:\Program Files\Java\jdk-21\bin;C:\WINDOWS\Sun\Java\bin;C:\WINDOWS\system32;C:\WINDOWS;C:\Program Files\Common Files\Oracle\Java\javapath;C:\Program Files\Java\jdk-17\bin;C:\WINDOWS\system32;C:\WINDOWS;C:\WINDOWS\System32\Wbem;C:\WINDOWS\System32\WindowsPowerShell\v1.0\;C:\WINDOWS\System32\OpenSSH\;C:\Program Files (x86)\Google\Cloud SDK\google-cloud-sdk\bin;C:\Users\shera\AppData\Roaming\nvm;C:\Program Files\nodejs;C:\Development\maven-3.11\bin;C:\Development\gradle-9.0.0\bin;C:\Program Files\Git\cmd;C:\Program Files\nodejs\;C:\Users\shera\AppData\Local\Microsoft\WindowsApps;C:\Program Files\JetBrains\IntelliJ IDEA Community Edition 2025.2.1\bin;C:\Users\shera\AppData\Local\Programs\Microsoft VS Code\bin;C:\Users\shera\AppData\Roaming\nvm;C:\Program Files\nodejs;;C:\Program Files\JetBrains\IntelliJ IDEA 2025.1.4.1\bin;;C:\Users\shera\AppData\Roaming\npm;."/>
    <property name="java.vm.info" value="mixed mode, sharing"/>
    <property name="stderr.encoding" value="Cp1252"/>
    <property name="java.vendor" value="Oracle Corporation"/>
    <property name="java.vm.version" value="21.0.8+12-LTS-250"/>
    <property name="sun.io.unicode.encoding" value="UnicodeLittle"/>
    <property name="maven.repo.local" value="C:\Users\shera\.m2\repository"/>
    <property name="java.class.version" value="65.0"/>
  </properties>
  <testcase name="" classname="com.example.controller.SimpleAuthControllerTest" time="0.26">
    <error message="No backing TransactionOperations configured. Check your configuration and try again" type="io.micronaut.context.exceptions.ConfigurationException"><![CDATA[io.micronaut.context.exceptions.ConfigurationException: No backing TransactionOperations configured. Check your configuration and try again
	at io.micronaut.transaction.support.DefaultTransactionOperationsRegistry.provideSynchronous(DefaultTransactionOperationsRegistry.java:51)
	at io.micronaut.transaction.interceptor.TransactionalInterceptor.lambda$intercept$0(TransactionalInterceptor.java:108)
	at java.base/java.util.concurrent.ConcurrentHashMap.computeIfAbsent(ConcurrentHashMap.java:1708)
	at io.micronaut.transaction.interceptor.TransactionalInterceptor.intercept(TransactionalInterceptor.java:94)
	at io.micronaut.aop.chain.MethodInterceptorChain.proceed(MethodInterceptorChain.java:137)
	at com.example.$DataLoader$Definition$Intercepted.onApplicationEvent(Unknown Source)
	at com.example.DataLoader.onApplicationEvent(DataLoader.java:16)
	at io.micronaut.context.event.ApplicationEventPublisherFactory.notifyEventListeners(ApplicationEventPublisherFactory.java:266)
	at io.micronaut.context.event.ApplicationEventPublisherFactory$2.publishEvent(ApplicationEventPublisherFactory.java:226)
	at io.micronaut.context.DefaultBeanContext.publishEvent(DefaultBeanContext.java:1815)
	at io.micronaut.context.DefaultBeanContext.start(DefaultBeanContext.java:376)
	at io.micronaut.context.DefaultApplicationContext.start(DefaultApplicationContext.java:199)
	at io.micronaut.test.extensions.AbstractMicronautExtension.startApplicationContext(AbstractMicronautExtension.java:502)
	at io.micronaut.test.extensions.AbstractMicronautExtension.beforeClass(AbstractMicronautExtension.java:341)
	at io.micronaut.test.extensions.junit5.MicronautJunit5Extension.beforeAll(MicronautJunit5Extension.java:84)
	at java.base/java.util.ArrayList.forEach(ArrayList.java:1596)
Caused by: io.micronaut.context.exceptions.NoSuchBeanException: No bean of type [io.micronaut.transaction.TransactionOperations] exists. 
* [TransactionOperations] requires the presence of a bean of type [javax.sql.DataSource] which does not exist.
* [DataSource] requires the presence of a bean of type [io.micronaut.configuration.jdbc.hikari.DatasourceConfiguration] which does not exist.
* [DatasourceConfiguration] requires the presence of configuration. No configuration entries found under the prefix: [datasources.default]. Provide the necessary configuration to resolve this issue.
	at io.micronaut.context.DefaultBeanContext.newNoSuchBeanException(DefaultBeanContext.java:2766)
	at io.micronaut.context.DefaultApplicationContext.newNoSuchBeanException(DefaultApplicationContext.java:304)
	at io.micronaut.context.DefaultBeanContext.resolveBeanRegistration(DefaultBeanContext.java:2735)
	at io.micronaut.context.DefaultBeanContext.getBean(DefaultBeanContext.java:1729)
	at io.micronaut.context.DefaultBeanContext.getBean(DefaultBeanContext.java:856)
	at io.micronaut.context.DefaultBeanContext.getBean(DefaultBeanContext.java:841)
	at io.micronaut.transaction.support.DefaultTransactionOperationsRegistry.provideSynchronous(DefaultTransactionOperationsRegistry.java:49)
	... 15 more
]]></error>
  </testcase>
</testsuite>